[2018-11-08 11:45:32,813] INFO  Enter TestBase setUp
[2018-11-08 11:45:32,820] INFO  Setting up Desired Capabilities
[2018-11-08 11:45:32,827] INFO  Device Query = @os='ios'
[2018-11-08 11:45:32,833] INFO  Desired Capabilities setup complete
[2018-11-08 11:45:32,833] INFO  Initializing IOS Driver ...
[2018-11-08 11:46:14,145] INFO  IOS Driver Initialized ...
[2018-11-08 11:46:14,158] INFO  Enter eriBankLogin - userName = company password = company
[2018-11-08 11:46:26,925] INFO  Exit eriBankLogin
[2018-11-08 11:46:26,926] INFO  Enter makePaymentTest - Phone = 123456 name = John Snow amount = 10 country = US
[2018-11-08 11:46:54,874] INFO  Exit makePaymentTest
[2018-11-08 11:46:54,875] INFO  Enter eriBankLogout
[2018-11-08 11:46:58,049] INFO  Exit eriBankLogout
[2018-11-08 11:46:58,055] INFO  Enter eriBankLogin - userName = company password = company
[2018-11-08 11:47:10,534] INFO  Exit eriBankLogin
[2018-11-08 11:47:10,534] INFO  Enter mortgageRequestTest - firstName = mortgageUser loanAmount = 1234
[2018-11-08 11:47:12,387] INFO  Enter eriBankLogout
[2018-11-08 11:47:45,438] INFO  Enter TestBase setUp
[2018-11-08 11:47:45,443] INFO  Setting up Desired Capabilities
[2018-11-08 11:47:45,448] INFO  Device Query = @os='ios'
[2018-11-08 11:47:45,452] INFO  Desired Capabilities setup complete
[2018-11-08 11:47:45,452] INFO  Initializing IOS Driver ...
[2018-11-08 11:48:40,194] INFO  IOS Driver Initialized ...
[2018-11-08 11:48:40,318] INFO  Enter eriBankLogin - userName = company password = company
[2018-11-08 11:48:57,674] INFO  Enter TestBase setUp
[2018-11-08 11:48:57,679] INFO  Setting up Desired Capabilities
[2018-11-08 11:48:57,684] INFO  Device Query = @os='ios'
[2018-11-08 11:48:57,690] INFO  Desired Capabilities setup complete
[2018-11-08 11:48:57,690] INFO  Initializing IOS Driver ...
[2018-11-08 11:49:36,985] INFO  IOS Driver Initialized ...
[2018-11-08 11:49:36,998] INFO  Enter eriBankLogin - userName = company password = company
[2018-11-08 11:49:46,984] INFO  Exit eriBankLogin
[2018-11-08 11:49:46,984] INFO  Enter makePaymentTest - Phone = 123456 name = John Snow amount = 10 country = US
[2018-11-08 11:50:07,733] INFO  Exit makePaymentTest
[2018-11-08 11:50:07,736] INFO  Enter eriBankLogout
[2018-11-08 11:50:10,419] INFO  Exit eriBankLogout
[2018-11-08 11:50:10,422] INFO  Enter eriBankLogin - userName = company password = company
[2018-11-08 11:50:19,594] INFO  Exit eriBankLogin
[2018-11-08 11:50:19,596] INFO  Enter mortgageRequestTest - firstName = mortgageUser loanAmount = 1234
[2018-11-08 11:50:33,372] INFO  Enter eriBankLogout
[2018-11-08 11:53:24,812] INFO  Enter TestBase setUp
[2018-11-08 11:53:24,846] INFO  Setting up Desired Capabilities
[2018-11-08 11:53:24,854] INFO  Device Query = @os='ios'
[2018-11-08 11:53:24,854] INFO  Desired Capabilities setup complete
[2018-11-08 11:53:24,854] INFO  Initializing IOS Driver ...
[2018-11-08 11:54:21,381] INFO  IOS Driver Initialized ...
[2018-11-08 11:54:21,398] INFO  Enter eriBankLogin - userName = company password = company
[2018-11-08 11:55:17,715] INFO  Enter TestBase setUp
[2018-11-08 11:55:17,719] INFO  Setting up Desired Capabilities
[2018-11-08 11:55:17,727] INFO  Device Query = @os='android'
[2018-11-08 11:55:17,727] INFO  Desired Capabilities setup complete
[2018-11-08 11:55:17,727] INFO  Initializing Android Driver ...
[2018-11-08 11:56:05,330] INFO  Android Driver Initialized ...
[2018-11-08 11:56:05,347] INFO  Enter eriBankLogin - userName = company password = company
[2018-11-08 11:56:15,638] INFO  Exit eriBankLogin
[2018-11-08 11:56:15,644] INFO  Enter makePaymentTest - Phone = 123456 name = John Snow amount = 10 country = US
[2018-11-08 11:56:39,019] INFO  Enter eriBankLogout
[2018-11-08 11:57:52,552] INFO  Enter TestBase setUp
[2018-11-08 11:57:52,560] INFO  Setting up Desired Capabilities
[2018-11-08 11:57:52,564] INFO  Device Query = @os='android'
[2018-11-08 11:57:52,568] INFO  Desired Capabilities setup complete
[2018-11-08 11:57:52,568] INFO  Initializing Android Driver ...
[2018-11-08 11:58:37,857] INFO  Android Driver Initialized ...
[2018-11-08 11:58:37,872] INFO  Enter eriBankLogin - userName = company password = company
[2018-11-08 11:58:48,541] INFO  Exit eriBankLogin
[2018-11-08 11:58:48,542] INFO  Enter makePaymentTest - Phone = 123456 name = John Snow amount = 10 country = US
[2018-11-08 11:59:12,231] INFO  Enter eriBankLogout
[2018-11-08 11:59:54,248] INFO  Enter TestBase setUp
[2018-11-08 11:59:54,255] INFO  Setting up Desired Capabilities
[2018-11-08 11:59:54,263] INFO  Device Query = @os='android'
[2018-11-08 11:59:54,263] INFO  Desired Capabilities setup complete
[2018-11-08 11:59:54,263] INFO  Initializing Android Driver ...
[2018-11-08 12:00:42,069] INFO  Android Driver Initialized ...
[2018-11-08 12:00:42,091] INFO  Enter eriBankLogin - userName = company password = company
[2018-11-08 12:00:51,837] INFO  Exit eriBankLogin
[2018-11-08 12:00:51,838] INFO  Enter makePaymentTest - Phone = 123456 name = John Snow amount = 10 country = US
[2018-11-08 12:04:12,962] INFO  Enter eriBankLogout
[2018-11-08 12:04:12,981] INFO  Enter TestBase setUp
[2018-11-08 12:04:12,986] INFO  Setting up Desired Capabilities
[2018-11-08 12:04:13,020] INFO  Device Query = @os='android'
[2018-11-08 12:04:13,025] INFO  Desired Capabilities setup complete
[2018-11-08 12:04:13,025] INFO  Initializing Android Driver ...
[2018-11-08 12:04:18,716] INFO  Enter TestBase setUp
[2018-11-08 12:04:18,720] INFO  Setting up Desired Capabilities
[2018-11-08 12:04:18,724] INFO  Device Query = @os='android'
[2018-11-08 12:04:18,730] INFO  Desired Capabilities setup complete
[2018-11-08 12:04:18,730] INFO  Initializing Android Driver ...
[2018-11-08 12:05:03,682] INFO  Android Driver Initialized ...
[2018-11-08 12:05:03,701] INFO  Enter eriBankLogin - userName = company password = company
[2018-11-08 12:05:14,226] INFO  Exit eriBankLogin
[2018-11-08 12:05:14,226] INFO  Enter makePaymentTest - Phone = 123456 name = John Snow amount = 10 country = US
[2018-11-08 12:05:39,671] INFO  Exit makePaymentTest
[2018-11-08 12:05:39,675] INFO  Enter eriBankLogout
[2018-11-08 12:06:41,807] INFO  Enter TestBase setUp
[2018-11-08 12:06:41,811] INFO  Setting up Desired Capabilities
[2018-11-08 12:06:41,817] INFO  Device Query = @os='android'
[2018-11-08 12:06:41,817] INFO  Desired Capabilities setup complete
[2018-11-08 12:06:41,817] INFO  Initializing Android Driver ...
[2018-11-08 12:07:26,252] INFO  Android Driver Initialized ...
[2018-11-08 12:07:26,268] INFO  Enter eriBankLogin - userName = company password = company
[2018-11-08 12:07:36,380] INFO  Exit eriBankLogin
[2018-11-08 12:07:36,381] INFO  Enter makePaymentTest - Phone = 123456 name = John Snow amount = 10 country = US
[2018-11-08 12:08:00,250] INFO  Exit makePaymentTest
[2018-11-08 12:08:00,252] INFO  Enter eriBankLogout
[2018-11-08 12:19:01,412] INFO  Enter TestBase setUp
[2018-11-08 12:19:01,415] INFO  Setting up Desired Capabilities
[2018-11-08 12:19:01,418] INFO  Device Query = @os='android'
[2018-11-08 12:19:01,423] INFO  Desired Capabilities setup complete
[2018-11-08 12:19:01,424] INFO  Initializing Android Driver ...
[2018-11-08 12:19:38,166] INFO  Android Driver Initialized ...
[2018-11-08 12:19:38,188] INFO  Enter eriBankLogin - userName = company password = company
[2018-11-08 12:19:48,071] INFO  Exit eriBankLogin
[2018-11-08 12:19:48,071] INFO  Enter makePaymentTest - Phone = 123456 name = John Snow amount = 10 country = US
[2018-11-08 12:20:11,756] INFO  Exit makePaymentTest
[2018-11-08 12:20:11,757] INFO  Enter eriBankLogout
[2018-11-08 12:20:15,287] INFO  Exit eriBankLogout
[2018-11-08 12:20:15,291] INFO  Enter eriBankLogin - userName = company password = company
[2018-11-08 12:20:25,491] INFO  Exit eriBankLogin
[2018-11-08 12:20:25,492] INFO  Enter mortgageRequestTest - firstName = mortgageUser loanAmount = 1234
[2018-11-08 12:20:31,059] INFO  Enter eriBankLogout
[2018-11-08 12:29:02,489] INFO  Enter TestBase setUp
[2018-11-08 12:29:02,492] INFO  Setting up Desired Capabilities
[2018-11-08 12:29:02,501] INFO  Device Query = @os='android'
[2018-11-08 12:29:02,501] INFO  Desired Capabilities setup complete
[2018-11-08 12:29:02,501] INFO  Initializing Android Driver ...
[2018-11-08 12:30:23,148] INFO  Enter TestBase setUp
[2018-11-08 12:30:23,154] INFO  Setting up Desired Capabilities
[2018-11-08 12:30:23,157] INFO  Device Query = @os='android'
[2018-11-08 12:30:23,162] INFO  Desired Capabilities setup complete
[2018-11-08 12:30:23,162] INFO  Initializing Android Driver ...
[2018-11-08 12:31:07,452] INFO  Android Driver Initialized ...
[2018-11-08 12:31:07,467] INFO  Enter eriBankLogin - userName = company password = company
[2018-11-08 12:31:17,368] INFO  Exit eriBankLogin
[2018-11-08 12:31:17,369] INFO  Enter makePaymentTest - Phone = 123456 name = John Snow amount = 10 country = US
[2018-11-08 12:31:41,378] INFO  Exit makePaymentTest
[2018-11-08 12:31:41,381] INFO  Enter eriBankLogout
[2018-11-08 12:31:44,289] INFO  Exit eriBankLogout
[2018-11-08 12:31:44,295] INFO  Enter eriBankLogin - userName = company password = company
[2018-11-08 12:31:54,015] INFO  Exit eriBankLogin
[2018-11-08 12:31:54,017] INFO  Enter mortgageRequestTest - firstName = mortgageUser
[2018-11-08 12:32:07,279] INFO  Enter eriBankLogout
[2018-11-08 14:48:14,765] INFO  Enter TestBase setUp
[2018-11-08 14:48:14,776] INFO  Setting up Desired Capabilities
[2018-11-08 14:48:14,781] INFO  Device Query = @os='android'
[2018-11-08 14:48:14,788] INFO  Desired Capabilities setup complete
[2018-11-08 14:48:14,788] INFO  Initializing Android Driver ...
[2018-11-08 14:48:58,740] INFO  Android Driver Initialized ...
[2018-11-08 14:48:58,758] INFO  Enter eriBankLogin - userName = company password = company
[2018-11-08 14:49:09,370] INFO  Exit eriBankLogin
[2018-11-08 14:49:09,375] INFO  Enter makePaymentTest - Phone = 123456 name = John Snow amount = 10 country = US
[2018-11-08 14:49:33,560] INFO  Exit makePaymentTest
[2018-11-08 14:49:33,563] INFO  Enter eriBankLogout
[2018-11-08 14:49:36,938] INFO  Exit eriBankLogout
[2018-11-08 14:49:36,941] INFO  Enter eriBankLogin - userName = company password = company
[2018-11-08 14:49:51,786] INFO  Exit eriBankLogin
[2018-11-08 14:49:51,789] INFO  Enter mortgageRequestTest - firstName = mortgageUser
[2018-11-08 14:50:05,968] INFO  Enter eriBankLogout
